{"/Users/smol/Documents/WEB/LESSONS/Hexlet/projects/project-js-2/index.js": {"path":"/Users/smol/Documents/WEB/LESSONS/Hexlet/projects/project-js-2/index.js","all":false,"statementMap":{"0":{"start":{"line":1,"column":0},"end":{"line":1,"column":39}},"1":{"start":{"line":2,"column":0},"end":{"line":2,"column":0}},"2":{"start":{"line":3,"column":0},"end":{"line":3,"column":23}}},"s":{"0":1,"1":1,"2":1},"branchMap":{},"b":{},"fnMap":{},"f":{}}
,"/Users/smol/Documents/WEB/LESSONS/Hexlet/projects/project-js-2/src/gendiff.js": {"path":"/Users/smol/Documents/WEB/LESSONS/Hexlet/projects/project-js-2/src/gendiff.js","all":false,"statementMap":{"0":{"start":{"line":1,"column":0},"end":{"line":1,"column":24}},"1":{"start":{"line":2,"column":0},"end":{"line":2,"column":20}},"2":{"start":{"line":3,"column":0},"end":{"line":3,"column":27}},"3":{"start":{"line":4,"column":0},"end":{"line":4,"column":33}},"4":{"start":{"line":5,"column":0},"end":{"line":5,"column":0}},"5":{"start":{"line":6,"column":0},"end":{"line":6,"column":3}},"6":{"start":{"line":7,"column":0},"end":{"line":7,"column":29}},"7":{"start":{"line":8,"column":0},"end":{"line":8,"column":2}},"8":{"start":{"line":9,"column":0},"end":{"line":9,"column":27}},"9":{"start":{"line":10,"column":0},"end":{"line":10,"column":3}},"10":{"start":{"line":11,"column":0},"end":{"line":11,"column":41}},"11":{"start":{"line":12,"column":0},"end":{"line":12,"column":63}},"12":{"start":{"line":13,"column":0},"end":{"line":13,"column":0}},"13":{"start":{"line":14,"column":0},"end":{"line":14,"column":18}},"14":{"start":{"line":15,"column":0},"end":{"line":15,"column":2}},"15":{"start":{"line":16,"column":0},"end":{"line":16,"column":0}},"16":{"start":{"line":17,"column":0},"end":{"line":17,"column":3}},"17":{"start":{"line":18,"column":0},"end":{"line":18,"column":50}},"18":{"start":{"line":19,"column":0},"end":{"line":19,"column":2}},"19":{"start":{"line":20,"column":0},"end":{"line":20,"column":27}},"20":{"start":{"line":21,"column":0},"end":{"line":21,"column":3}},"21":{"start":{"line":22,"column":0},"end":{"line":22,"column":39}},"22":{"start":{"line":23,"column":0},"end":{"line":23,"column":50}},"23":{"start":{"line":24,"column":0},"end":{"line":24,"column":0}},"24":{"start":{"line":25,"column":0},"end":{"line":25,"column":26}},"25":{"start":{"line":26,"column":0},"end":{"line":26,"column":2}},"26":{"start":{"line":27,"column":0},"end":{"line":27,"column":0}},"27":{"start":{"line":28,"column":0},"end":{"line":28,"column":3}},"28":{"start":{"line":29,"column":0},"end":{"line":29,"column":36}},"29":{"start":{"line":30,"column":0},"end":{"line":30,"column":2}},"30":{"start":{"line":31,"column":0},"end":{"line":31,"column":27}},"31":{"start":{"line":32,"column":0},"end":{"line":32,"column":3}},"32":{"start":{"line":33,"column":0},"end":{"line":33,"column":38}},"33":{"start":{"line":34,"column":0},"end":{"line":34,"column":50}},"34":{"start":{"line":35,"column":0},"end":{"line":35,"column":2}},"35":{"start":{"line":36,"column":0},"end":{"line":36,"column":0}},"36":{"start":{"line":37,"column":0},"end":{"line":37,"column":3}},"37":{"start":{"line":38,"column":0},"end":{"line":38,"column":33}},"38":{"start":{"line":39,"column":0},"end":{"line":39,"column":3}},"39":{"start":{"line":40,"column":0},"end":{"line":40,"column":21}},"40":{"start":{"line":41,"column":0},"end":{"line":41,"column":48}},"41":{"start":{"line":42,"column":0},"end":{"line":42,"column":46}},"42":{"start":{"line":43,"column":0},"end":{"line":43,"column":2}},"43":{"start":{"line":44,"column":0},"end":{"line":44,"column":0}},"44":{"start":{"line":45,"column":0},"end":{"line":45,"column":3}},"45":{"start":{"line":46,"column":0},"end":{"line":46,"column":20}},"46":{"start":{"line":47,"column":0},"end":{"line":47,"column":2}},"47":{"start":{"line":48,"column":0},"end":{"line":48,"column":27}},"48":{"start":{"line":49,"column":0},"end":{"line":49,"column":19}},"49":{"start":{"line":50,"column":0},"end":{"line":50,"column":3}},"50":{"start":{"line":51,"column":0},"end":{"line":51,"column":35}},"51":{"start":{"line":52,"column":0},"end":{"line":52,"column":7}},"52":{"start":{"line":53,"column":0},"end":{"line":53,"column":49}},"53":{"start":{"line":54,"column":0},"end":{"line":54,"column":38}},"54":{"start":{"line":55,"column":0},"end":{"line":55,"column":15}},"55":{"start":{"line":56,"column":0},"end":{"line":56,"column":49}},"56":{"start":{"line":57,"column":0},"end":{"line":57,"column":23}},"57":{"start":{"line":58,"column":0},"end":{"line":58,"column":3}},"58":{"start":{"line":59,"column":0},"end":{"line":59,"column":2}},"59":{"start":{"line":60,"column":0},"end":{"line":60,"column":0}},"60":{"start":{"line":61,"column":0},"end":{"line":61,"column":3}},"61":{"start":{"line":62,"column":0},"end":{"line":62,"column":57}},"62":{"start":{"line":63,"column":0},"end":{"line":63,"column":3}},"63":{"start":{"line":64,"column":0},"end":{"line":64,"column":48}},"64":{"start":{"line":65,"column":0},"end":{"line":65,"column":45}},"65":{"start":{"line":66,"column":0},"end":{"line":66,"column":45}},"66":{"start":{"line":67,"column":0},"end":{"line":67,"column":0}},"67":{"start":{"line":68,"column":0},"end":{"line":68,"column":35}},"68":{"start":{"line":69,"column":0},"end":{"line":69,"column":35}},"69":{"start":{"line":70,"column":0},"end":{"line":70,"column":0}},"70":{"start":{"line":71,"column":0},"end":{"line":71,"column":30}},"71":{"start":{"line":72,"column":0},"end":{"line":72,"column":2}}},"s":{"0":1,"1":1,"2":1,"3":1,"4":1,"5":4,"6":4,"7":4,"8":4,"9":4,"10":1,"11":1,"12":1,"13":1,"14":1,"15":1,"16":1,"17":1,"18":2,"19":2,"20":2,"21":1,"22":1,"23":1,"24":1,"25":1,"26":1,"27":1,"28":1,"29":2,"30":2,"31":2,"32":1,"33":1,"34":2,"35":2,"36":2,"37":1,"38":2,"39":2,"40":1,"41":1,"42":1,"43":1,"44":1,"45":1,"46":4,"47":4,"48":4,"49":4,"50":4,"51":4,"52":4,"53":0,"54":1,"55":1,"56":1,"57":2,"58":2,"59":2,"60":2,"61":2,"62":2,"63":2,"64":2,"65":2,"66":2,"67":1,"68":1,"69":1,"70":1,"71":1},"branchMap":{"0":{"type":"branch","line":1,"loc":{"start":{"line":1,"column":0},"end":{"line":68,"column":18}},"locations":[{"start":{"line":1,"column":0},"end":{"line":68,"column":18}}]},"1":{"type":"branch","line":6,"loc":{"start":{"line":6,"column":0},"end":{"line":11,"column":38}},"locations":[{"start":{"line":6,"column":0},"end":{"line":11,"column":38}}]},"2":{"type":"branch","line":18,"loc":{"start":{"line":18,"column":21},"end":{"line":22,"column":31}},"locations":[{"start":{"line":18,"column":21},"end":{"line":22,"column":31}}]},"3":{"type":"branch","line":29,"loc":{"start":{"line":29,"column":6},"end":{"line":33,"column":2}},"locations":[{"start":{"line":29,"column":6},"end":{"line":33,"column":2}}]},"4":{"type":"branch","line":34,"loc":{"start":{"line":34,"column":38},"end":{"line":38,"column":18}},"locations":[{"start":{"line":34,"column":38},"end":{"line":38,"column":18}}]},"5":{"type":"branch","line":38,"loc":{"start":{"line":38,"column":27},"end":{"line":41,"column":5}},"locations":[{"start":{"line":38,"column":27},"end":{"line":41,"column":5}}]},"6":{"type":"branch","line":46,"loc":{"start":{"line":46,"column":7},"end":{"line":55,"column":6}},"locations":[{"start":{"line":46,"column":7},"end":{"line":55,"column":6}}]},"7":{"type":"branch","line":53,"loc":{"start":{"line":53,"column":4},"end":{"line":55,"column":4}},"locations":[{"start":{"line":53,"column":4},"end":{"line":55,"column":4}}]},"8":{"type":"branch","line":58,"loc":{"start":{"line":58,"column":0},"end":{"line":68,"column":16}},"locations":[{"start":{"line":58,"column":0},"end":{"line":68,"column":16}}]}},"b":{"0":[1],"1":[4],"2":[2],"3":[2],"4":[2],"5":[2],"6":[4],"7":[0],"8":[2]},"fnMap":{"0":{"name":"getFullPath","decl":{"start":{"line":6,"column":0},"end":{"line":11,"column":38}},"loc":{"start":{"line":6,"column":0},"end":{"line":11,"column":38}},"line":6},"1":{"name":"getJsonFileData","decl":{"start":{"line":18,"column":21},"end":{"line":22,"column":31}},"loc":{"start":{"line":18,"column":21},"end":{"line":22,"column":31}},"line":18},"2":{"name":"getYmlFileData","decl":{"start":{"line":29,"column":6},"end":{"line":33,"column":2}},"loc":{"start":{"line":29,"column":6},"end":{"line":33,"column":2}},"line":29},"3":{"name":"json","decl":{"start":{"line":34,"column":38},"end":{"line":38,"column":18}},"loc":{"start":{"line":34,"column":38},"end":{"line":38,"column":18}},"line":34},"4":{"name":"yml","decl":{"start":{"line":38,"column":27},"end":{"line":41,"column":5}},"loc":{"start":{"line":38,"column":27},"end":{"line":41,"column":5}},"line":38},"5":{"name":"getFileData","decl":{"start":{"line":46,"column":7},"end":{"line":55,"column":6}},"loc":{"start":{"line":46,"column":7},"end":{"line":55,"column":6}},"line":46},"6":{"name":"default","decl":{"start":{"line":58,"column":0},"end":{"line":68,"column":16}},"loc":{"start":{"line":58,"column":0},"end":{"line":68,"column":16}},"line":58}},"f":{"0":4,"1":2,"2":2,"3":2,"4":2,"5":4,"6":2}}
,"/Users/smol/Documents/WEB/LESSONS/Hexlet/projects/project-js-2/src/parser.js": {"path":"/Users/smol/Documents/WEB/LESSONS/Hexlet/projects/project-js-2/src/parser.js","all":false,"statementMap":{"0":{"start":{"line":1,"column":0},"end":{"line":1,"column":23}},"1":{"start":{"line":2,"column":0},"end":{"line":2,"column":0}},"2":{"start":{"line":3,"column":0},"end":{"line":3,"column":3}},"3":{"start":{"line":4,"column":0},"end":{"line":4,"column":36}},"4":{"start":{"line":5,"column":0},"end":{"line":5,"column":2}},"5":{"start":{"line":6,"column":0},"end":{"line":6,"column":32}},"6":{"start":{"line":7,"column":0},"end":{"line":7,"column":38}},"7":{"start":{"line":8,"column":0},"end":{"line":8,"column":37}},"8":{"start":{"line":9,"column":0},"end":{"line":9,"column":2}},"9":{"start":{"line":10,"column":0},"end":{"line":10,"column":38}},"10":{"start":{"line":11,"column":0},"end":{"line":11,"column":3}},"11":{"start":{"line":12,"column":0},"end":{"line":12,"column":83}},"12":{"start":{"line":13,"column":0},"end":{"line":13,"column":0}},"13":{"start":{"line":14,"column":0},"end":{"line":14,"column":3}},"14":{"start":{"line":15,"column":0},"end":{"line":15,"column":57}},"15":{"start":{"line":16,"column":0},"end":{"line":16,"column":2}},"16":{"start":{"line":17,"column":0},"end":{"line":17,"column":24}},"17":{"start":{"line":18,"column":0},"end":{"line":18,"column":24}},"18":{"start":{"line":19,"column":0},"end":{"line":19,"column":2}},"19":{"start":{"line":20,"column":0},"end":{"line":20,"column":24}},"20":{"start":{"line":21,"column":0},"end":{"line":21,"column":3}},"21":{"start":{"line":22,"column":0},"end":{"line":22,"column":40}},"22":{"start":{"line":23,"column":0},"end":{"line":23,"column":39}},"23":{"start":{"line":24,"column":0},"end":{"line":24,"column":0}},"24":{"start":{"line":25,"column":0},"end":{"line":25,"column":23}},"25":{"start":{"line":26,"column":0},"end":{"line":26,"column":16}},"26":{"start":{"line":27,"column":0},"end":{"line":27,"column":11}},"27":{"start":{"line":28,"column":0},"end":{"line":28,"column":27}},"28":{"start":{"line":29,"column":0},"end":{"line":29,"column":23}},"29":{"start":{"line":30,"column":0},"end":{"line":30,"column":0}},"30":{"start":{"line":31,"column":0},"end":{"line":31,"column":30}},"31":{"start":{"line":32,"column":0},"end":{"line":32,"column":40}},"32":{"start":{"line":33,"column":0},"end":{"line":33,"column":53}},"33":{"start":{"line":34,"column":0},"end":{"line":34,"column":53}},"34":{"start":{"line":35,"column":0},"end":{"line":35,"column":16}},"35":{"start":{"line":36,"column":0},"end":{"line":36,"column":52}},"36":{"start":{"line":37,"column":0},"end":{"line":37,"column":52}},"37":{"start":{"line":38,"column":0},"end":{"line":38,"column":9}},"38":{"start":{"line":39,"column":0},"end":{"line":39,"column":14}},"39":{"start":{"line":40,"column":0},"end":{"line":40,"column":50}},"40":{"start":{"line":41,"column":0},"end":{"line":41,"column":7}},"41":{"start":{"line":42,"column":0},"end":{"line":42,"column":0}},"42":{"start":{"line":43,"column":0},"end":{"line":43,"column":20}},"43":{"start":{"line":44,"column":0},"end":{"line":44,"column":11}},"44":{"start":{"line":45,"column":0},"end":{"line":45,"column":0}},"45":{"start":{"line":46,"column":0},"end":{"line":46,"column":25}},"46":{"start":{"line":47,"column":0},"end":{"line":47,"column":2}}},"s":{"0":1,"1":1,"2":1,"3":1,"4":1,"5":1,"6":1,"7":1,"8":12,"9":1,"10":1,"11":1,"12":1,"13":1,"14":1,"15":1,"16":1,"17":2,"18":2,"19":2,"20":2,"21":2,"22":2,"23":10,"24":10,"25":10,"26":10,"27":6,"28":6,"29":4,"30":4,"31":4,"32":6,"33":2,"34":2,"35":10,"36":10,"37":10,"38":2,"39":1,"40":1,"41":1,"42":1,"43":1,"44":1,"45":1,"46":1},"branchMap":{"0":{"type":"branch","line":1,"loc":{"start":{"line":1,"column":0},"end":{"line":40,"column":34}},"locations":[{"start":{"line":1,"column":0},"end":{"line":40,"column":34}}]},"1":{"type":"branch","line":8,"loc":{"start":{"line":8,"column":18},"end":{"line":10,"column":36}},"locations":[{"start":{"line":8,"column":18},"end":{"line":10,"column":36}}]},"2":{"type":"branch","line":17,"loc":{"start":{"line":17,"column":8},"end":{"line":40,"column":32}},"locations":[{"start":{"line":17,"column":8},"end":{"line":40,"column":32}}]},"3":{"type":"branch","line":23,"loc":{"start":{"line":23,"column":17},"end":{"line":39,"column":12}},"locations":[{"start":{"line":23,"column":17},"end":{"line":39,"column":12}}]},"4":{"type":"branch","line":27,"loc":{"start":{"line":27,"column":5},"end":{"line":36,"column":34}},"locations":[{"start":{"line":27,"column":5},"end":{"line":36,"column":34}}]},"5":{"type":"branch","line":29,"loc":{"start":{"line":29,"column":6},"end":{"line":33,"column":28}},"locations":[{"start":{"line":29,"column":6},"end":{"line":33,"column":28}}]},"6":{"type":"branch","line":31,"loc":{"start":{"line":31,"column":24},"end":{"line":31,"column":29}},"locations":[{"start":{"line":31,"column":24},"end":{"line":31,"column":29}}]},"7":{"type":"branch","line":32,"loc":{"start":{"line":32,"column":-1},"end":{"line":32,"column":4}},"locations":[{"start":{"line":32,"column":-1},"end":{"line":32,"column":4}}]},"8":{"type":"branch","line":33,"loc":{"start":{"line":33,"column":28},"end":{"line":36,"column":26}},"locations":[{"start":{"line":33,"column":28},"end":{"line":36,"column":26}}]},"9":{"type":"branch","line":36,"loc":{"start":{"line":36,"column":34},"end":{"line":37,"column":47}},"locations":[{"start":{"line":36,"column":34},"end":{"line":37,"column":47}}]}},"b":{"0":[1],"1":[12],"2":[2],"3":[10],"4":[6],"5":[4],"6":[2],"7":[2],"8":[2],"9":[4]},"fnMap":{"0":{"name":"objRowToString","decl":{"start":{"line":8,"column":18},"end":{"line":10,"column":36}},"loc":{"start":{"line":8,"column":18},"end":{"line":10,"column":36}},"line":8},"1":{"name":"default","decl":{"start":{"line":17,"column":8},"end":{"line":40,"column":32}},"loc":{"start":{"line":17,"column":8},"end":{"line":40,"column":32}},"line":17}},"f":{"0":12,"1":2}}
}
