TN:
SF:index.js
FNF:0
FNH:0
DA:1,1
DA:2,1
DA:3,1
LF:3
LH:3
BRF:0
BRH:0
end_of_record
TN:
SF:src/gendiff.js
FN:6,getFullPath
FN:18,getJsonFileData
FN:29,getYmlFileData
FN:34,json
FN:38,yml
FN:46,getFileData
FN:58,default
FNF:7
FNH:7
FNDA:4,getFullPath
FNDA:2,getJsonFileData
FNDA:2,getYmlFileData
FNDA:2,json
FNDA:2,yml
FNDA:4,getFileData
FNDA:2,default
DA:1,1
DA:2,1
DA:3,1
DA:4,1
DA:5,1
DA:6,4
DA:7,4
DA:8,4
DA:9,4
DA:10,4
DA:11,1
DA:12,1
DA:13,1
DA:14,1
DA:15,1
DA:16,1
DA:17,1
DA:18,1
DA:19,2
DA:20,2
DA:21,2
DA:22,1
DA:23,1
DA:24,1
DA:25,1
DA:26,1
DA:27,1
DA:28,1
DA:29,1
DA:30,2
DA:31,2
DA:32,2
DA:33,1
DA:34,1
DA:35,2
DA:36,2
DA:37,2
DA:38,1
DA:39,2
DA:40,2
DA:41,1
DA:42,1
DA:43,1
DA:44,1
DA:45,1
DA:46,1
DA:47,4
DA:48,4
DA:49,4
DA:50,4
DA:51,4
DA:52,4
DA:53,4
DA:54,0
DA:55,1
DA:56,1
DA:57,1
DA:58,2
DA:59,2
DA:60,2
DA:61,2
DA:62,2
DA:63,2
DA:64,2
DA:65,2
DA:66,2
DA:67,2
DA:68,1
DA:69,1
DA:70,1
DA:71,1
DA:72,1
LF:72
LH:71
BRDA:1,0,0,1
BRDA:6,1,0,4
BRDA:18,2,0,2
BRDA:29,3,0,2
BRDA:34,4,0,2
BRDA:38,5,0,2
BRDA:46,6,0,4
BRDA:53,7,0,0
BRDA:58,8,0,2
BRF:9
BRH:8
end_of_record
TN:
SF:src/parser.js
FN:8,objRowToString
FN:17,default
FNF:2
FNH:2
FNDA:12,objRowToString
FNDA:2,default
DA:1,1
DA:2,1
DA:3,1
DA:4,1
DA:5,1
DA:6,1
DA:7,1
DA:8,1
DA:9,12
DA:10,1
DA:11,1
DA:12,1
DA:13,1
DA:14,1
DA:15,1
DA:16,1
DA:17,1
DA:18,2
DA:19,2
DA:20,2
DA:21,2
DA:22,2
DA:23,2
DA:24,10
DA:25,10
DA:26,10
DA:27,10
DA:28,6
DA:29,6
DA:30,4
DA:31,4
DA:32,4
DA:33,6
DA:34,2
DA:35,2
DA:36,10
DA:37,10
DA:38,10
DA:39,2
DA:40,1
DA:41,1
DA:42,1
DA:43,1
DA:44,1
DA:45,1
DA:46,1
DA:47,1
LF:47
LH:47
BRDA:1,0,0,1
BRDA:8,1,0,12
BRDA:17,2,0,2
BRDA:23,3,0,10
BRDA:27,4,0,6
BRDA:29,5,0,4
BRDA:31,6,0,2
BRDA:32,7,0,2
BRDA:33,8,0,2
BRDA:36,9,0,4
BRF:10
BRH:10
end_of_record
